生成启动时间为 2016/12/20 10:56:00。
     1>项目“D:\cppwork\myproj\xunan_admin\entity\entity.vcxproj”在节点 2 上(Build 个目标)。
     1>ClCompile:
         C:\Program Files (x86)\Microsoft Visual Studio 12.0\VC\bin\CL.exe /c /ID:\soft\boost_1_60_0 /I"D:\soft\mysql-connector-c-6.1.6-win32\include" /I"C:\Program Files (x86)\Visual Leak Detector\include" /I"D:\soft\libodb-2.4.0" /I"D:\soft\libodb-mysql-2.4.0" /I"C:\Program Files (x86)\Visual Leak Detector\include" /ZI /nologo /W3 /WX- /Od /Ob0 /Oy- /D WIN32 /D _WINDOWS /D _DEBUG /D "CMAKE_INTDIR=\"Debug\"" /D _MBCS /D _AFXDLL /Gm- /EHsc /RTC1 /MDd /GS /fp:precise /Zc:wchar_t /Zc:forScope /GR /Fo"entity.dir\Debug\\" /Fd"entity.dir\Debug\vc120.pdb" /Gd /TP /analyze- /errorReport:prompt D:\cppwork\myproj\xunan_admin\entity\goods.cpp
         goods.cpp
     1>d:\cppwork\myproj\xunan_admin\entity\goods.h(21): warning C4068: 未知的杂注
     1>d:\cppwork\myproj\xunan_admin\entity\goods.h(34): warning C4068: 未知的杂注
     1>d:\cppwork\myproj\xunan_admin\entity\goods.h(43): warning C4068: 未知的杂注
       Lib:
         C:\Program Files (x86)\Microsoft Visual Studio 12.0\VC\bin\Lib.exe /OUT:"D:\cppwork\myproj\xunan_admin\entity\Debug\entity.lib" /LIBPATH:"C:\Program Files (x86)\Visual Leak Detector\lib\Win32" /NOLOGO  /machine:X86 entity.dir\Debug\brand.obj
         entity.dir\Debug\classification.obj
         entity.dir\Debug\country.obj
         entity.dir\Debug\file.obj
         entity.dir\Debug\good_file.obj
         entity.dir\Debug\goods.obj
         entity.dir\Debug\upload_type.obj
         entity.dir\Debug\venue.obj
         entity.vcxproj -> D:\cppwork\myproj\xunan_admin\entity\Debug\entity.lib
     1>已完成生成项目“D:\cppwork\myproj\xunan_admin\entity\entity.vcxproj”(Build 个目标)的操作。

生成成功。

已用时间 00:00:00.68
