生成启动时间为 2016/12/20 10:55:25。
     1>项目“D:\cppwork\myproj\xunan_admin\ctrl\ctrl.vcxproj”在节点 2 上(Build 个目标)。
     1>ClCompile:
         C:\Program Files (x86)\Microsoft Visual Studio 12.0\VC\bin\CL.exe /c /ID:\soft\boost_1_60_0 /I"D:\soft\mysql-connector-c-6.1.6-win32\include" /I"C:\Program Files (x86)\Visual Leak Detector\include" /I"D:\soft\libodb-2.4.0" /I"D:\soft\libodb-mysql-2.4.0" /I"C:\Program Files (x86)\Visual Leak Detector\include" /ZI /nologo /W3 /WX- /Od /Ob0 /Oy- /D WIN32 /D _WINDOWS /D _DEBUG /D "CMAKE_INTDIR=\"Debug\"" /D _MBCS /D _AFXDLL /Gm- /EHsc /RTC1 /MDd /GS /fp:precise /Zc:wchar_t /Zc:forScope /GR /Fo"ctrl.dir\Debug\\" /Fd"ctrl.dir\Debug\vc120.pdb" /Gd /TP /analyze- /errorReport:prompt D:\cppwork\myproj\xunan_admin\ctrl\MyCListCtrl.cpp
         MyCListCtrl.cpp
     1>c:\program files (x86)\microsoft visual studio 12.0\vc\atlmfc\include\afx.h(38): warning C4996: 'MBCS_Support_Deprecated_In_MFC': MBCS support in MFC is deprecated and may be removed in a future version of MFC.
                 c:\program files (x86)\microsoft visual studio 12.0\vc\atlmfc\include\afx.h(33) : 参见“MBCS_Support_Deprecated_In_MFC”的声明
         _WIN32_WINNT not defined. Defaulting to _WIN32_WINNT_MAXVER (see WinSDKVer.h)
     1>d:\cppwork\myproj\xunan_admin\dlg\myframe.h(18): warning C4002: “DECLARE_DYNCREATE”宏的实参太多
     1>d:\cppwork\myproj\xunan_admin\entity\goods.h(21): warning C4068: 未知的杂注
     1>d:\cppwork\myproj\xunan_admin\entity\goods.h(34): warning C4068: 未知的杂注
     1>d:\cppwork\myproj\xunan_admin\entity\goods.h(43): warning C4068: 未知的杂注
     1>d:\cppwork\myproj\xunan_admin\entity\classification.h(22): warning C4068: 未知的杂注
     1>d:\cppwork\myproj\xunan_admin\entity\classification.h(30): warning C4068: 未知的杂注
     1>d:\cppwork\myproj\xunan_admin\dlg\mydoc.h(31): warning C4002: “DECLARE_DYNCREATE”宏的实参太多
     1>d:\cppwork\myproj\xunan_admin\entity\file.h(22): warning C4068: 未知的杂注
     1>d:\cppwork\myproj\xunan_admin\entity\file.h(41): warning C4068: 未知的杂注
     1>d:\cppwork\myproj\xunan_admin\ctrl\myclistctrl.h(23): warning C4002: “DECLARE_MESSAGE_MAP”宏的实参太多
       Lib:
         C:\Program Files (x86)\Microsoft Visual Studio 12.0\VC\bin\Lib.exe /OUT:"D:\cppwork\myproj\xunan_admin\ctrl\Debug\ctrl.lib" /LIBPATH:"C:\Program Files (x86)\Visual Leak Detector\lib\Win32" /NOLOGO  /machine:X86 ctrl.dir\Debug\CountryListCtrl.obj
         ctrl.dir\Debug\MyCListCtrl.obj
         ctrl.dir\Debug\MyCTreeCtrl.obj
         ctrl.vcxproj -> D:\cppwork\myproj\xunan_admin\ctrl\Debug\ctrl.lib
     1>已完成生成项目“D:\cppwork\myproj\xunan_admin\ctrl\ctrl.vcxproj”(Build 个目标)的操作。

生成成功。

已用时间 00:00:01.37
