d:\gitup\myproj\src_mfc\src\monitor.dir\debug\mydialog.obj
d:\gitup\myproj\src_mfc\src\monitor.dir\debug\cmywinapp.obj
d:\gitup\myproj\src_mfc\src\monitor.dir\debug\cmyframewnd.obj
d:\gitup\myproj\src_mfc\src\cmakefiles\generate.stamp
d:\gitup\myproj\src_mfc\src\monitor.dir\debug\mfcde2.res
d:\gitup\myproj\src_mfc\src\debug\monitor.pdb
d:\gitup\myproj\src_mfc\src\monitor.dir\debug\monitor.tlog\cl.command.1.tlog
d:\gitup\myproj\src_mfc\src\monitor.dir\debug\monitor.tlog\cl.read.1.tlog
d:\gitup\myproj\src_mfc\src\monitor.dir\debug\monitor.tlog\cl.write.1.tlog
d:\gitup\myproj\src_mfc\src\monitor.dir\debug\monitor.tlog\custombuild.command.1.tlog
d:\gitup\myproj\src_mfc\src\monitor.dir\debug\monitor.tlog\custombuild.read.1.tlog
d:\gitup\myproj\src_mfc\src\monitor.dir\debug\monitor.tlog\custombuild.write.1.tlog
d:\gitup\myproj\src_mfc\src\monitor.dir\debug\monitor.tlog\link-cvtres.read.1.tlog
d:\gitup\myproj\src_mfc\src\monitor.dir\debug\monitor.tlog\link-cvtres.write.1.tlog
d:\gitup\myproj\src_mfc\src\monitor.dir\debug\monitor.tlog\link-mt.read.1.tlog
d:\gitup\myproj\src_mfc\src\monitor.dir\debug\monitor.tlog\link-mt.write.1.tlog
d:\gitup\myproj\src_mfc\src\monitor.dir\debug\monitor.tlog\link-rc.read.1.tlog
d:\gitup\myproj\src_mfc\src\monitor.dir\debug\monitor.tlog\link-rc.write.1.tlog
d:\gitup\myproj\src_mfc\src\monitor.dir\debug\monitor.tlog\link.command.1.tlog
d:\gitup\myproj\src_mfc\src\monitor.dir\debug\monitor.tlog\link.read.1.tlog
d:\gitup\myproj\src_mfc\src\monitor.dir\debug\monitor.tlog\link.write.1.tlog
d:\gitup\myproj\src_mfc\src\monitor.dir\debug\monitor.tlog\rc.command.1.tlog
d:\gitup\myproj\src_mfc\src\monitor.dir\debug\monitor.tlog\rc.read.1.tlog
d:\gitup\myproj\src_mfc\src\monitor.dir\debug\monitor.tlog\rc.write.1.tlog
