d:\gitup\myproj\src_mfc\src\mfcde2.dir\debug\mydialog.obj
d:\gitup\myproj\src_mfc\src\mfcde2.dir\debug\cmywinapp.obj
d:\gitup\myproj\src_mfc\src\mfcde2.dir\debug\cmyframewnd.obj
d:\gitup\myproj\src_mfc\src\cmakefiles\generate.stamp
d:\gitup\myproj\src_mfc\src\mfcde2.dir\debug\mfcde2.res
d:\gitup\myproj\src_mfc\src\debug\mfcde2.pdb
d:\gitup\myproj\src_mfc\src\mfcde2.dir\debug\mfcde2.tlog\cl.command.1.tlog
d:\gitup\myproj\src_mfc\src\mfcde2.dir\debug\mfcde2.tlog\cl.read.1.tlog
d:\gitup\myproj\src_mfc\src\mfcde2.dir\debug\mfcde2.tlog\cl.write.1.tlog
d:\gitup\myproj\src_mfc\src\mfcde2.dir\debug\mfcde2.tlog\custombuild.command.1.tlog
d:\gitup\myproj\src_mfc\src\mfcde2.dir\debug\mfcde2.tlog\custombuild.read.1.tlog
d:\gitup\myproj\src_mfc\src\mfcde2.dir\debug\mfcde2.tlog\custombuild.write.1.tlog
d:\gitup\myproj\src_mfc\src\mfcde2.dir\debug\mfcde2.tlog\link-cvtres.read.1.tlog
d:\gitup\myproj\src_mfc\src\mfcde2.dir\debug\mfcde2.tlog\link-cvtres.write.1.tlog
d:\gitup\myproj\src_mfc\src\mfcde2.dir\debug\mfcde2.tlog\link-mt.read.1.tlog
d:\gitup\myproj\src_mfc\src\mfcde2.dir\debug\mfcde2.tlog\link-mt.write.1.tlog
d:\gitup\myproj\src_mfc\src\mfcde2.dir\debug\mfcde2.tlog\link-rc.read.1.tlog
d:\gitup\myproj\src_mfc\src\mfcde2.dir\debug\mfcde2.tlog\link-rc.write.1.tlog
d:\gitup\myproj\src_mfc\src\mfcde2.dir\debug\mfcde2.tlog\link.9484-cvtres.read.1.tlog
d:\gitup\myproj\src_mfc\src\mfcde2.dir\debug\mfcde2.tlog\link.9484-cvtres.write.1.tlog
d:\gitup\myproj\src_mfc\src\mfcde2.dir\debug\mfcde2.tlog\link.9484-mt.read.1.tlog
d:\gitup\myproj\src_mfc\src\mfcde2.dir\debug\mfcde2.tlog\link.9484-mt.write.1.tlog
d:\gitup\myproj\src_mfc\src\mfcde2.dir\debug\mfcde2.tlog\link.9484-rc.read.1.tlog
d:\gitup\myproj\src_mfc\src\mfcde2.dir\debug\mfcde2.tlog\link.9484-rc.write.1.tlog
d:\gitup\myproj\src_mfc\src\mfcde2.dir\debug\mfcde2.tlog\link.9484.read.1.tlog
d:\gitup\myproj\src_mfc\src\mfcde2.dir\debug\mfcde2.tlog\link.9484.write.1.tlog
d:\gitup\myproj\src_mfc\src\mfcde2.dir\debug\mfcde2.tlog\link.command.1.tlog
d:\gitup\myproj\src_mfc\src\mfcde2.dir\debug\mfcde2.tlog\link.read.1.tlog
d:\gitup\myproj\src_mfc\src\mfcde2.dir\debug\mfcde2.tlog\link.write.1.tlog
d:\gitup\myproj\src_mfc\src\mfcde2.dir\debug\mfcde2.tlog\rc.command.1.tlog
d:\gitup\myproj\src_mfc\src\mfcde2.dir\debug\mfcde2.tlog\rc.read.1.tlog
d:\gitup\myproj\src_mfc\src\mfcde2.dir\debug\mfcde2.tlog\rc.write.1.tlog
