Build started 2016/2/19 16:48:12.
     1>Project "D:\cppwork\cpp_pro\src_mfc\src\mfcde2lib.vcxproj" on node 5 (Rebuild target(s)).
     1>CustomBuild:
         Building Custom Rule D:/cppwork/cpp_pro/src_mfc/src/CMakeLists.txt
         CMake does not need to re-run because D:\cppwork\cpp_pro\src_mfc\src\CMakeFiles\generate.stamp is up-to-date.
       ClCompile:
         C:\Program Files (x86)\Microsoft Visual Studio 12.0\VC\bin\CL.exe /c /ID:\soft\boost_1_60_0 /I"C:\Users\hp\Downloads\mysql-5.6.24-win32.1432006610\mysql-5.6.24-win32\include" /I"C:\Program Files (x86)\Visual Leak Detector\include" /I"C:\Program Files (x86)\Microsoft Visual Studio 12.0\VC\atlmfc\include" /ID:\cppwork\cpp_pro\src_mfc\src\. /ID:\cppwork\cpp_pro\src2\a0 /nologo /W3 /WX- /O2 /Oy- /D WIN32 /D _WINDOWS /D "CMAKE_INTDIR=\"Release\"" /D _MBCS /Gm- /EHsc /MT /GS /fp:precise /Zc:wchar_t /Zc:forScope /GR /Fo"mfcde2lib.dir\Release\\" /Fd"mfcde2lib.dir\Release\vc120.pdb" /Gd /TP /analyze- /errorReport:prompt D:\cppwork\cpp_pro\src_mfc\src\CMyFrameWnd.cpp D:\cppwork\cpp_pro\src_mfc\src\CMyWinApp.cpp D:\cppwork\cpp_pro\src_mfc\src\MyDialog.cpp
         CMyFrameWnd.cpp
     1>C:\Program Files (x86)\Microsoft Visual Studio 12.0\VC\atlmfc\include\afx.h(38): warning C4996: 'MBCS_Support_Deprecated_In_MFC': MBCS support in MFC is deprecated and may be removed in a future version of MFC.
                 C:\Program Files (x86)\Microsoft Visual Studio 12.0\VC\atlmfc\include\afx.h(33) : see declaration of 'MBCS_Support_Deprecated_In_MFC'
         _WIN32_WINNT not defined. Defaulting to _WIN32_WINNT_MAXVER (see WinSDKVer.h)
     1>D:\cppwork\cpp_pro\src_mfc\src\CMyFrameWnd.cpp(17): warning C4002: too many actual parameters for macro 'ON_WM_CLOSE'
         CMyWinApp.cpp
     1>C:\Program Files (x86)\Microsoft Visual Studio 12.0\VC\atlmfc\include\afx.h(38): warning C4996: 'MBCS_Support_Deprecated_In_MFC': MBCS support in MFC is deprecated and may be removed in a future version of MFC.
                 C:\Program Files (x86)\Microsoft Visual Studio 12.0\VC\atlmfc\include\afx.h(33) : see declaration of 'MBCS_Support_Deprecated_In_MFC'
         _WIN32_WINNT not defined. Defaulting to _WIN32_WINNT_MAXVER (see WinSDKVer.h)
     1>D:\cppwork\cpp_pro\src_mfc\src\CMyWinApp.cpp(43): warning C4996: 'freopen': This function or variable may be unsafe. Consider using freopen_s instead. To disable deprecation, use _CRT_SECURE_NO_WARNINGS. See online help for details.
                 C:\Program Files (x86)\Microsoft Visual Studio 12.0\VC\include\stdio.h(226) : see declaration of 'freopen'
         MyDialog.cpp
     1>C:\Program Files (x86)\Microsoft Visual Studio 12.0\VC\atlmfc\include\afx.h(38): warning C4996: 'MBCS_Support_Deprecated_In_MFC': MBCS support in MFC is deprecated and may be removed in a future version of MFC.
                 C:\Program Files (x86)\Microsoft Visual Studio 12.0\VC\atlmfc\include\afx.h(33) : see declaration of 'MBCS_Support_Deprecated_In_MFC'
         _WIN32_WINNT not defined. Defaulting to _WIN32_WINNT_MAXVER (see WinSDKVer.h)
         Generating Code...
       Lib:
         C:\Program Files (x86)\Microsoft Visual Studio 12.0\VC\bin\Lib.exe /OUT:"D:\cppwork\cpp_pro\src_mfc\src\Release\mfcde2lib.lib" /NOLOGO  /machine:X86 mfcde2lib.dir\Release\CMyFrameWnd.obj
         mfcde2lib.dir\Release\CMyWinApp.obj
         mfcde2lib.dir\Release\MyDialog.obj
         mfcde2lib.vcxproj -> D:\cppwork\cpp_pro\src_mfc\src\Release\mfcde2lib.lib
     1>Done Building Project "D:\cppwork\cpp_pro\src_mfc\src\mfcde2lib.vcxproj" (Rebuild target(s)).

Build succeeded.

Time Elapsed 00:00:09.14
