Build started 2016/2/19 16:48:11.
     1>Project "D:\cppwork\cpp_pro\src_mfc\src\mfcde2.vcxproj" on node 4 (Rebuild target(s)).
     1>CustomBuild:
         Building Custom Rule D:/cppwork/cpp_pro/src_mfc/src/CMakeLists.txt
         CMake does not need to re-run because D:\cppwork\cpp_pro\src_mfc\src\CMakeFiles\generate.stamp is up-to-date.
       ClCompile:
         C:\Program Files (x86)\Microsoft Visual Studio 12.0\VC\bin\CL.exe /c /ID:\soft\boost_1_60_0 /I"C:\Users\hp\Downloads\mysql-5.6.24-win32.1432006610\mysql-5.6.24-win32\include" /I"C:\Program Files (x86)\Visual Leak Detector\include" /I"C:\Program Files (x86)\Microsoft Visual Studio 12.0\VC\atlmfc\include" /ID:\cppwork\cpp_pro\src_mfc\src\. /ID:\cppwork\cpp_pro\src2\a0 /nologo /W3 /WX- /O2 /Oy- /D WIN32 /D _WINDOWS /D "CMAKE_INTDIR=\"Release\"" /D _MBCS /Gm- /EHsc /MT /GS /fp:precise /Zc:wchar_t /Zc:forScope /GR /Fo"mfcde2.dir\Release\\" /Fd"mfcde2.dir\Release\vc120.pdb" /Gd /TP /analyze- /errorReport:prompt D:\cppwork\cpp_pro\src_mfc\src\CMyFrameWnd.cpp D:\cppwork\cpp_pro\src_mfc\src\CMyWinApp.cpp D:\cppwork\cpp_pro\src_mfc\src\MyDialog.cpp
         CMyFrameWnd.cpp
     1>C:\Program Files (x86)\Microsoft Visual Studio 12.0\VC\atlmfc\include\afx.h(38): warning C4996: 'MBCS_Support_Deprecated_In_MFC': MBCS support in MFC is deprecated and may be removed in a future version of MFC.
                 C:\Program Files (x86)\Microsoft Visual Studio 12.0\VC\atlmfc\include\afx.h(33) : see declaration of 'MBCS_Support_Deprecated_In_MFC'
         _WIN32_WINNT not defined. Defaulting to _WIN32_WINNT_MAXVER (see WinSDKVer.h)
     1>D:\cppwork\cpp_pro\src_mfc\src\CMyFrameWnd.cpp(17): warning C4002: too many actual parameters for macro 'ON_WM_CLOSE'
         CMyWinApp.cpp
     1>C:\Program Files (x86)\Microsoft Visual Studio 12.0\VC\atlmfc\include\afx.h(38): warning C4996: 'MBCS_Support_Deprecated_In_MFC': MBCS support in MFC is deprecated and may be removed in a future version of MFC.
                 C:\Program Files (x86)\Microsoft Visual Studio 12.0\VC\atlmfc\include\afx.h(33) : see declaration of 'MBCS_Support_Deprecated_In_MFC'
         _WIN32_WINNT not defined. Defaulting to _WIN32_WINNT_MAXVER (see WinSDKVer.h)
     1>D:\cppwork\cpp_pro\src_mfc\src\CMyWinApp.cpp(43): warning C4996: 'freopen': This function or variable may be unsafe. Consider using freopen_s instead. To disable deprecation, use _CRT_SECURE_NO_WARNINGS. See online help for details.
                 C:\Program Files (x86)\Microsoft Visual Studio 12.0\VC\include\stdio.h(226) : see declaration of 'freopen'
         MyDialog.cpp
     1>C:\Program Files (x86)\Microsoft Visual Studio 12.0\VC\atlmfc\include\afx.h(38): warning C4996: 'MBCS_Support_Deprecated_In_MFC': MBCS support in MFC is deprecated and may be removed in a future version of MFC.
                 C:\Program Files (x86)\Microsoft Visual Studio 12.0\VC\atlmfc\include\afx.h(33) : see declaration of 'MBCS_Support_Deprecated_In_MFC'
         _WIN32_WINNT not defined. Defaulting to _WIN32_WINNT_MAXVER (see WinSDKVer.h)
         Generating Code...
       ResourceCompile:
         C:\Program Files (x86)\Windows Kits\8.1\bin\x86\rc.exe /D WIN32 /D _WINDOWS /D "CMAKE_INTDIR=\\\"Release\\\"" /l"0x0409" /ID:\soft\boost_1_60_0 /I"C:\Users\hp\Downloads\mysql-5.6.24-win32.1432006610\mysql-5.6.24-win32\include" /I"C:\Program Files (x86)\Visual Leak Detector\include" /I"C:\Program Files (x86)\Microsoft Visual Studio 12.0\VC\atlmfc\include" /ID:\cppwork\cpp_pro\src_mfc\src\. /ID:\cppwork\cpp_pro\src2\a0 /nologo /fo"mfcde2.dir\Release\mfcde2.res" D:\cppwork\cpp_pro\src_mfc\src\mfcde2.rc 
       Link:
         C:\Program Files (x86)\Microsoft Visual Studio 12.0\VC\bin\link.exe /ERRORREPORT:PROMPT /OUT:"D:\cppwork\cpp_pro\src_mfc\src\Release\mfcde2.exe" /INCREMENTAL:NO /NOLOGO /LIBPATH:D:/cppwork/cpp_pro/src2/a0/Debug /LIBPATH:D:/cppwork/cpp_pro/src2/a0/Debug/Release /LIBPATH:"C:/Users/hp/Downloads/mysql-5.6.24-win32.1432006610/mysql-5.6.24-win32/lib" /LIBPATH:"C:/Users/hp/Downloads/mysql-5.6.24-win32.1432006610/mysql-5.6.24-win32/lib/Release" /LIBPATH:"D:/soft/boost_1_60_0/bin.v2/libs/locale/build/msvc-12.0/debug/link-static/threading-multi" /LIBPATH:"D:/soft/boost_1_60_0/bin.v2/libs/locale/build/msvc-12.0/debug/link-static/threading-multi/Release" /LIBPATH:"C:/Program Files (x86)/Visual Leak Detector/lib/Win32" /LIBPATH:"C:/Program Files (x86)/Visual Leak Detector/lib/Win32/Release" /LIBPATH:D:/cppwork/cpp_pro/src2/a0/Release /LIBPATH:D:/cppwork/cpp_pro/src2/a0/Release/Release /LIBPATH:"C:/Program Files (x86)/Microsoft Visual Studio 12.0/VC/atlmfc/lib" /LIBPATH:"C:/Program Files (x86)/Microsoft Visual Studio 12.0/VC/atlmfc/lib/Release" kernel32.lib user32.lib gdi32.lib winspool.lib shell32.lib ole32.lib oleaut32.lib uuid.lib comdlg32.lib advapi32.lib /MANIFEST /MANIFESTUAC:"level='asInvoker' uiAccess='false'" /manifest:embed /manifestinput:"C:\Program Files (x86)\Microsoft Visual Studio 12.0\VC\Include\Manifest\dpiaware.manifest" /PDB:"D:/cppwork/cpp_pro/src_mfc/src/Release/mfcde2.pdb" /SUBSYSTEM:WINDOWS /TLBID:1 /DYNAMICBASE /NXCOMPAT /IMPLIB:"D:/cppwork/cpp_pro/src_mfc/src/Release/mfcde2.lib" /MACHINE:X86 /SAFESEH  /machine:X86 mfcde2.dir\Release\mfcde2.res
         mfcde2.dir\Release\CMyFrameWnd.obj
         mfcde2.dir\Release\CMyWinApp.obj
         mfcde2.dir\Release\MyDialog.obj
     1>hello.lib(MfcMulti.obj) : error LNK2038: mismatch detected for '_ITERATOR_DEBUG_LEVEL': value '2' doesn't match value '0' in CMyFrameWnd.obj
     1>hello.lib(MfcMulti.obj) : error LNK2038: mismatch detected for 'RuntimeLibrary': value 'MDd_DynamicDebug' doesn't match value 'MT_StaticRelease' in CMyFrameWnd.obj
     1>hello.lib(Client.obj) : error LNK2038: mismatch detected for '_ITERATOR_DEBUG_LEVEL': value '2' doesn't match value '0' in CMyFrameWnd.obj
     1>hello.lib(Client.obj) : error LNK2038: mismatch detected for 'RuntimeLibrary': value 'MDd_DynamicDebug' doesn't match value 'MT_StaticRelease' in CMyFrameWnd.obj
     1>hello.lib(DataCollection.obj) : error LNK2038: mismatch detected for '_ITERATOR_DEBUG_LEVEL': value '2' doesn't match value '0' in CMyFrameWnd.obj
     1>hello.lib(DataCollection.obj) : error LNK2038: mismatch detected for 'RuntimeLibrary': value 'MDd_DynamicDebug' doesn't match value 'MT_StaticRelease' in CMyFrameWnd.obj
     1>hello.lib(RecvThread.obj) : error LNK2038: mismatch detected for '_ITERATOR_DEBUG_LEVEL': value '2' doesn't match value '0' in CMyFrameWnd.obj
     1>hello.lib(RecvThread.obj) : error LNK2038: mismatch detected for 'RuntimeLibrary': value 'MDd_DynamicDebug' doesn't match value 'MT_StaticRelease' in CMyFrameWnd.obj
     1>hello.lib(parser_json.obj) : error LNK2038: mismatch detected for '_ITERATOR_DEBUG_LEVEL': value '2' doesn't match value '0' in CMyFrameWnd.obj
     1>hello.lib(parser_json.obj) : error LNK2038: mismatch detected for 'RuntimeLibrary': value 'MDd_DynamicDebug' doesn't match value 'MT_StaticRelease' in CMyFrameWnd.obj
     1>hello.lib(ReadIniFile.obj) : error LNK2038: mismatch detected for '_ITERATOR_DEBUG_LEVEL': value '2' doesn't match value '0' in CMyFrameWnd.obj
     1>hello.lib(ReadIniFile.obj) : error LNK2038: mismatch detected for 'RuntimeLibrary': value 'MDd_DynamicDebug' doesn't match value 'MT_StaticRelease' in CMyFrameWnd.obj
     1>hello.lib(ConnMysql.obj) : error LNK2038: mismatch detected for '_ITERATOR_DEBUG_LEVEL': value '2' doesn't match value '0' in CMyFrameWnd.obj
     1>hello.lib(ConnMysql.obj) : error LNK2038: mismatch detected for 'RuntimeLibrary': value 'MDd_DynamicDebug' doesn't match value 'MT_StaticRelease' in CMyFrameWnd.obj
     1>msvcrtd.lib(ti_inst.obj) : error LNK2005: "private: __thiscall type_info::type_info(class type_info const &)" (??0type_info@@AAE@ABV0@@Z) already defined in libcmt.lib(typinfo.obj)
     1>msvcrtd.lib(ti_inst.obj) : error LNK2005: "private: class type_info & __thiscall type_info::operator=(class type_info const &)" (??4type_info@@AAEAAV0@ABV0@@Z) already defined in libcmt.lib(typinfo.obj)
     1>msvcrtd.lib(MSVCR120D.dll) : error LNK2005: __hypot already defined in libcmt.lib(hypot.obj)
     1>msvcrtd.lib(MSVCR120D.dll) : error LNK2005: __vsnprintf_s already defined in libcmt.lib(vsnprnc.obj)
     1>msvcrtd.lib(MSVCR120D.dll) : error LNK2005: __vscprintf already defined in libcmt.lib(vsprintf.obj)
     1>msvcrtd.lib(MSVCR120D.dll) : error LNK2005: _swprintf_s already defined in libcmt.lib(swprintf.obj)
     1>msvcrtd.lib(MSVCR120D.dll) : error LNK2005: _free already defined in libcmt.lib(free.obj)
     1>msvcrtd.lib(MSVCR120D.dll) : error LNK2005: _malloc already defined in libcmt.lib(malloc.obj)
     1>msvcrtd.lib(MSVCR120D.dll) : error LNK2005: _memmove already defined in libcmt.lib(memmove.obj)
     1>msvcrtd.lib(MSVCR120D.dll) : error LNK2005: _wcscpy_s already defined in libcmt.lib(wcscpy_s.obj)
     1>msvcrtd.lib(MSVCR120D.dll) : error LNK2005: _wcslen already defined in libcmt.lib(wcslen.obj)
     1>msvcrtd.lib(MSVCR120D.dll) : error LNK2005: _printf already defined in libcmt.lib(printf.obj)
     1>msvcrtd.lib(MSVCR120D.dll) : error LNK2005: __invalid_parameter already defined in libcmt.lib(invarg.obj)
     1>msvcrtd.lib(MSVCR120D.dll) : error LNK2005: _strcpy_s already defined in libcmt.lib(strcpy_s.obj)
     1>msvcrtd.lib(MSVCR120D.dll) : error LNK2005: "public: __thiscall std::exception::exception(char const * const &)" (??0exception@std@@QAE@ABQBD@Z) already defined in libcmt.lib(stdexcpt.obj)
     1>msvcrtd.lib(MSVCR120D.dll) : error LNK2005: "public: __thiscall std::exception::exception(class std::exception const &)" (??0exception@std@@QAE@ABV01@@Z) already defined in libcmt.lib(stdexcpt.obj)
     1>msvcrtd.lib(MSVCR120D.dll) : error LNK2005: "public: virtual __thiscall std::exception::~exception(void)" (??1exception@std@@UAE@XZ) already defined in libcmt.lib(stdexcpt.obj)
     1>msvcrtd.lib(MSVCR120D.dll) : error LNK2005: ___iob_func already defined in libcmt.lib(_file.obj)
     1>msvcrtd.lib(MSVCR120D.dll) : error LNK2005: _fflush already defined in libcmt.lib(fflush.obj)
     1>msvcrtd.lib(MSVCR120D.dll) : error LNK2005: __setmbcp already defined in libcmt.lib(mbctype.obj)
     1>msvcprtd.lib(MSVCP120D.dll) : error LNK2005: "void __cdecl std::_Xbad_alloc(void)" (?_Xbad_alloc@std@@YAXXZ) already defined in libcpmt.lib(xthrow.obj)
     1>msvcprtd.lib(MSVCP120D.dll) : error LNK2005: "void __cdecl std::_Xlength_error(char const *)" (?_Xlength_error@std@@YAXPBD@Z) already defined in libcpmt.lib(xthrow.obj)
     1>msvcprtd.lib(MSVCP120D.dll) : error LNK2005: "void __cdecl std::_Xout_of_range(char const *)" (?_Xout_of_range@std@@YAXPBD@Z) already defined in libcpmt.lib(xthrow.obj)
     1>msvcprtd.lib(MSVCP120D.dll) : error LNK2005: "char const * __cdecl std::_Syserror_map(int)" (?_Syserror_map@std@@YAPBDH@Z) already defined in libcpmt.lib(syserror.obj)
     1>msvcprtd.lib(MSVCP120D.dll) : error LNK2005: "char const * __cdecl std::_Winerror_map(int)" (?_Winerror_map@std@@YAPBDH@Z) already defined in libcpmt.lib(syserror.obj)
     1>msvcprtd.lib(MSVCP120D.dll) : error LNK2005: "public: __thiscall std::locale::id::id(unsigned int)" (??0id@locale@std@@QAE@I@Z) already defined in CMyFrameWnd.obj
     1>nafxcw.lib(nolib.obj) : warning LNK4098: defaultlib 'mfc120d.lib' conflicts with use of other libs; use /NODEFAULTLIB:library
     1>nafxcw.lib(nolib.obj) : warning LNK4098: defaultlib 'mfcs120d.lib' conflicts with use of other libs; use /NODEFAULTLIB:library
     1>libcmt.lib(crt0init.obj) : warning LNK4098: defaultlib 'msvcrtd.lib' conflicts with use of other libs; use /NODEFAULTLIB:library
     1>D:\cppwork\cpp_pro\src_mfc\src\Release\mfcde2.exe : fatal error LNK1169: one or more multiply defined symbols found
     1>Done Building Project "D:\cppwork\cpp_pro\src_mfc\src\mfcde2.vcxproj" (Rebuild target(s)) -- FAILED.

Build FAILED.

Time Elapsed 00:00:10.88
